{
  "stats": {
    "suites": 1,
    "tests": 2,
    "passes": 2,
    "pending": 0,
    "failures": 0,
    "start": "2023-07-02T08:59:18.984Z",
    "end": "2023-07-02T08:59:19.060Z",
    "duration": 76,
    "testsRegistered": 2,
    "passPercent": 100,
    "pendingPercent": 0,
    "other": 0,
    "hasOther": false,
    "skipped": 0,
    "hasSkipped": false
  },
  "results": [
    {
      "uuid": "320b055c-c65b-4a1d-83d3-b00290130a4a",
      "title": "",
      "fullFile": "",
      "file": "",
      "beforeHooks": [
        {
          "title": "\"before all\" hook in \"{root}\"",
          "fullTitle": "\"before all\" hook in \"{root}\"",
          "timedOut": false,
          "duration": 0,
          "state": null,
          "speed": null,
          "pass": false,
          "fail": false,
          "pending": false,
          "context": null,
          "code": "await generateTestData()",
          "err": {},
          "uuid": "e2f6118d-8444-4e35-b10e-245a82436fc4",
          "parentUUID": "320b055c-c65b-4a1d-83d3-b00290130a4a",
          "isHook": true,
          "skipped": false
        }
      ],
      "afterHooks": [],
      "tests": [
        {
          "title": "List books",
          "fullTitle": "List books",
          "timedOut": false,
          "duration": 0,
          "state": "passed",
          "speed": "fast",
          "pass": true,
          "fail": false,
          "pending": false,
          "context": null,
          "code": "describe(`List books`, () => {\n    getBooks()\n})",
          "err": {},
          "uuid": "62f79360-247e-4f97-84c0-734fca02550c",
          "parentUUID": "320b055c-c65b-4a1d-83d3-b00290130a4a",
          "isHook": false,
          "skipped": false
        }
      ],
      "suites": [
        {
          "uuid": "93689c26-eceb-40af-967c-aa6b45861a91",
          "title": "List books",
          "fullFile": "/api-test-automation/tests/scenarios/books/list_books.js",
          "file": "/tests/scenarios/books/list_books.js",
          "beforeHooks": [],
          "afterHooks": [],
          "tests": [
            {
              "title": "Retrieve list of all books",
              "fullTitle": "List books Retrieve list of all books",
              "timedOut": false,
              "duration": 72,
              "state": "passed",
              "speed": "medium",
              "pass": true,
              "fail": false,
              "pending": false,
              "context": null,
              "code": "await request(this, 'GET', '/books', undefined, false, \n    {\n        statusCode : 200,\n        expectedFields: [\n            '0.id',\n            '7.id',\n        ],\n        expectedValues: [\n                            {path: '0.id', value: 1},\n                            // {path: '6.id', value: 7},\n                        ]\n    }\n)",
              "err": {},
              "uuid": "0d2272e6-0037-4530-8810-a6a1a4f03408",
              "parentUUID": "93689c26-eceb-40af-967c-aa6b45861a91",
              "isHook": false,
              "skipped": false
            }
          ],
          "suites": [],
          "passes": [
            "0d2272e6-0037-4530-8810-a6a1a4f03408"
          ],
          "failures": [],
          "pending": [],
          "skipped": [],
          "duration": 72,
          "root": false,
          "rootEmpty": false,
          "_timeout": 20000
        }
      ],
      "passes": [
        "62f79360-247e-4f97-84c0-734fca02550c"
      ],
      "failures": [],
      "pending": [],
      "skipped": [],
      "duration": 0,
      "root": true,
      "rootEmpty": false,
      "_timeout": 20000
    }
  ],
  "meta": {
    "mocha": {
      "version": "10.2.0"
    },
    "mochawesome": {
      "options": {
        "quiet": false,
        "reportFilename": "mochawesome",
        "saveHtml": true,
        "saveJson": true,
        "consoleReporter": "spec",
        "useInlineDiffs": false,
        "code": true
      },
      "version": "6.3.1"
    },
    "marge": {
      "options": null,
      "version": "5.2.0"
    }
  }
}