{
  "stats": {
    "suites": 1,
    "tests": 2,
    "passes": 2,
    "pending": 0,
    "failures": 0,
    "start": "2023-07-02T08:59:19.027Z",
    "end": "2023-07-02T08:59:19.124Z",
    "duration": 97,
    "testsRegistered": 2,
    "passPercent": 100,
    "pendingPercent": 0,
    "other": 0,
    "hasOther": false,
    "skipped": 0,
    "hasSkipped": false
  },
  "results": [
    {
      "uuid": "584829f9-b5d6-4384-9b3f-917e603dd854",
      "title": "",
      "fullFile": "",
      "file": "",
      "beforeHooks": [
        {
          "title": "\"before all\" hook in \"{root}\"",
          "fullTitle": "\"before all\" hook in \"{root}\"",
          "timedOut": false,
          "duration": 0,
          "state": null,
          "speed": null,
          "pass": false,
          "fail": false,
          "pending": false,
          "context": null,
          "code": "await generateTestData()",
          "err": {},
          "uuid": "44c5287d-26ec-4a27-a1c9-916531aa4416",
          "parentUUID": "584829f9-b5d6-4384-9b3f-917e603dd854",
          "isHook": true,
          "skipped": false
        }
      ],
      "afterHooks": [],
      "tests": [
        {
          "title": "List books",
          "fullTitle": "List books",
          "timedOut": false,
          "duration": 4,
          "state": "passed",
          "speed": "fast",
          "pass": true,
          "fail": false,
          "pending": false,
          "context": null,
          "code": "describe(`List books`, () => {\n    getBooks()\n})",
          "err": {},
          "uuid": "d68c9803-ba21-4d36-80a8-7aeb12e78e34",
          "parentUUID": "584829f9-b5d6-4384-9b3f-917e603dd854",
          "isHook": false,
          "skipped": false
        }
      ],
      "suites": [
        {
          "uuid": "50ca9ea0-147e-4eee-af7d-097d7db9c284",
          "title": "List books",
          "fullFile": "/api-test-automation/tests/scenarios/books/list_books.js",
          "file": "/tests/scenarios/books/list_books.js",
          "beforeHooks": [],
          "afterHooks": [],
          "tests": [
            {
              "title": "Retrieve list of all books",
              "fullTitle": "List books Retrieve list of all books",
              "timedOut": false,
              "duration": 47,
              "state": "passed",
              "speed": "medium",
              "pass": true,
              "fail": false,
              "pending": false,
              "context": null,
              "code": "await request(this, 'GET', '/books', undefined, false, \n    {\n        statusCode : 200,\n        expectedFields: [\n            '0.id',\n            '7.id',\n        ],\n        expectedValues: [\n                            {path: '0.id', value: 1},\n                            // {path: '6.id', value: 7},\n                        ]\n    }\n)",
              "err": {},
              "uuid": "743337a0-dafd-4000-a8c5-7a4d47a4a775",
              "parentUUID": "50ca9ea0-147e-4eee-af7d-097d7db9c284",
              "isHook": false,
              "skipped": false
            }
          ],
          "suites": [],
          "passes": [
            "743337a0-dafd-4000-a8c5-7a4d47a4a775"
          ],
          "failures": [],
          "pending": [],
          "skipped": [],
          "duration": 47,
          "root": false,
          "rootEmpty": false,
          "_timeout": 20000
        }
      ],
      "passes": [
        "d68c9803-ba21-4d36-80a8-7aeb12e78e34"
      ],
      "failures": [],
      "pending": [],
      "skipped": [],
      "duration": 4,
      "root": true,
      "rootEmpty": false,
      "_timeout": 20000
    }
  ],
  "meta": {
    "mocha": {
      "version": "10.2.0"
    },
    "mochawesome": {
      "options": {
        "quiet": false,
        "reportFilename": "mochawesome",
        "saveHtml": true,
        "saveJson": true,
        "consoleReporter": "spec",
        "useInlineDiffs": false,
        "code": true
      },
      "version": "6.3.1"
    },
    "marge": {
      "options": null,
      "version": "5.2.0"
    }
  }
}